#
# A fatal error has been detected by the Java Runtime Environment:
#
#  EXCEPTION_ACCESS_VIOLATION (0xc0000005) at pc=0x000000005db1d6a0, pid=4408, tid=8124
#
# JRE version: Java(TM) SE Runtime Environment (8.0_66-b18) (build 1.8.0_66-b18)
# Java VM: Java HotSpot(TM) 64-Bit Server VM (25.66-b18 mixed mode windows-amd64 compressed oops)
# Problematic frame:
# C  [ig75icd64.dll+0x7d6a0]
#
# Failed to write core dump. Minidumps are not enabled by default on client versions of Windows
#
# If you would like to submit a bug report, please visit:
#   http://bugreport.java.com/bugreport/crash.jsp
# The crash happened outside the Java Virtual Machine in native code.
# See problematic frame for where to report the bug.
#

---------------  T H R E A D  ---------------

Current thread (0x000000000037e000):  JavaThread "main" [_thread_in_native, id=8124, stack(0x0000000002410000,0x0000000002510000)]

siginfo: ExceptionCode=0xc0000005, reading address 0x0000000000000000

Registers:
RAX=0x0000000000000000, RBX=0x000000005f6c0080, RCX=0x0000000000000000, RDX=0x0000000000000000
RSP=0x000000000250d0a0, RBP=0x000000000250d1d0, RSI=0x000000006111ddf8, RDI=0x0000000070284000
R8 =0x00000000000025c0, R9 =0x000000000000004b, R10=0x0000000000000000, R11=0x000000000250d868
R12=0x00000000000025c0, R13=0x0000000000000005, R14=0x000000006111ddd0, R15=0x0000000000000010
RIP=0x000000005db1d6a0, EFLAGS=0x0000000000010206

Top of Stack: (sp=0x000000000250d0a0)
0x000000000250d0a0:   cafebabecafebabe 0000000000000000
0x000000000250d0b0:   0000000000000000 0000000000000000
0x000000000250d0c0:   000000005f6dfb28 000000005dc034a6
0x000000000250d0d0:   000000005f6c0080 000000006111ddf8
0x000000000250d0e0:   000000000250d1d0 0000000326960000
0x000000000250d0f0:   0000000067d4ef01 0000000000670818
0x000000000250d100:   0000000000000003 0000000000000024
0x000000000250d110:   0000000867d40629 0000000000000003
0x000000000250d120:   0000000000670dc0 000000006107a990
0x000000000250d130:   000000005f6dfb28 000000005d027358
0x000000000250d140:   000000000250d868 000000005d007580
0x000000000250d150:   0000000000000000 000000005f72eb98
0x000000000250d160:   0000000000000dc0 0000000000670834
0x000000000250d170:   0000000000001c70 000000000181b900
0x000000000250d180:   0000000000670ddc 0000000060f73dd8
0x000000000250d190:   ffffffff00000040 0000000000000003 

Instructions: (pc=0x000000005db1d6a0)
0x000000005db1d680:   c2 10 66 0f e7 47 f0 49 3b c2 72 e4 e9 ab 00 00
0x000000005db1d690:   00 4d 85 c9 74 6c 66 66 0f 1f 84 00 00 00 00 00
0x000000005db1d6a0:   66 0f 6f 3a 66 0f 6f 72 10 66 0f 6f 6a 20 41 ff
0x000000005db1d6b0:   c2 48 83 ef 80 41 8b c2 66 0f 6f 62 30 66 0f 6f 


Register to memory mapping:

RAX=0x0000000000000000 is an unknown value
RBX=0x000000005f6c0080 is an unknown value
RCX=0x0000000000000000 is an unknown value
RDX=0x0000000000000000 is an unknown value
RSP=0x000000000250d0a0 is pointing into the stack for thread: 0x000000000037e000
RBP=0x000000000250d1d0 is pointing into the stack for thread: 0x000000000037e000
RSI=0x000000006111ddf8 is an unknown value
RDI=0x0000000070284000 is an unknown value
R8 =0x00000000000025c0 is an unknown value
R9 =0x000000000000004b is an unknown value
R10=0x0000000000000000 is an unknown value
R11=0x000000000250d868 is pointing into the stack for thread: 0x000000000037e000
R12=0x00000000000025c0 is an unknown value
R13=0x0000000000000005 is an unknown value
R14=0x000000006111ddd0 is an unknown value
R15=0x0000000000000010 is an unknown value


Stack: [0x0000000002410000,0x0000000002510000],  sp=0x000000000250d0a0,  free space=1012k
Native frames: (J=compiled Java code, j=interpreted, Vv=VM code, C=native code)
C  [ig75icd64.dll+0x7d6a0]
C  [ig75icd64.dll+0x1634a6]
C  [ig75icd64.dll+0x20dfaa]
C  [ig75icd64.dll+0x58a00]
C  [ig75icd64.dll+0x257f75]
C  [ig75icd64.dll+0x7c992]
C  [ig75icd64.dll+0x151c00]
C  [ig75icd64.dll+0x151d61]
C  [ig75icd64.dll+0x153751]
C  0x00000000027f5e14

Java frames: (J=compiled Java code, j=interpreted, Vv=VM code)
j  org.lwjgl.opengl.GL11.nglDrawElementsBO(IIIJJ)V+0
j  org.lwjgl.opengl.GL11.glDrawElements(IIIJ)V+28
j  normalMappingRenderer.NormalMappingRenderer.render(Ljava/util/Map;Lorg/lwjgl/util/vector/Vector4f;Ljava/util/List;Lentities/Camera;)V+105
j  renderEngine.MasterRenderer.render(Ljava/util/List;Lentities/Camera;Lorg/lwjgl/util/vector/Vector4f;)V+77
j  renderEngine.MasterRenderer.renderScene(Ljava/util/List;Ljava/util/List;Ljava/util/List;Ljava/util/List;Lentities/Camera;Lorg/lwjgl/util/vector/Vector4f;)V+124
j  engineTester.MainGameLoop.main([Ljava/lang/String;)V+4463
v  ~StubRoutines::call_stub

---------------  P R O C E S S  ---------------

Java Threads: ( => current thread )
  0x0000000059be3000 JavaThread "Java Sound Event Dispatcher" daemon [_thread_blocked, id=6336, stack(0x000000005ce20000,0x000000005cf20000)]
  0x0000000059892800 JavaThread "Image Fetcher 0" daemon [_thread_blocked, id=5480, stack(0x000000005bba0000,0x000000005bca0000)]
  0x000000005981d800 JavaThread "AWT-EventQueue-0" [_thread_blocked, id=7800, stack(0x000000005af40000,0x000000005b040000)]
  0x000000005982b800 JavaThread "AWT-Windows" daemon [_thread_in_native, id=4416, stack(0x000000005a3b0000,0x000000005a4b0000)]
  0x000000005982b000 JavaThread "AWT-Shutdown" [_thread_blocked, id=6368, stack(0x000000005a060000,0x000000005a160000)]
  0x0000000059829000 JavaThread "Java2D Disposer" daemon [_thread_blocked, id=6248, stack(0x000000005a1b0000,0x000000005a2b0000)]
  0x0000000058afd800 JavaThread "Service Thread" daemon [_thread_blocked, id=7464, stack(0x0000000059590000,0x0000000059690000)]
  0x0000000058a79000 JavaThread "C1 CompilerThread2" daemon [_thread_blocked, id=3248, stack(0x00000000593e0000,0x00000000594e0000)]
  0x0000000058a78800 JavaThread "C2 CompilerThread1" daemon [_thread_blocked, id=2864, stack(0x0000000059260000,0x0000000059360000)]
  0x0000000058a63800 JavaThread "C2 CompilerThread0" daemon [_thread_blocked, id=3896, stack(0x00000000590b0000,0x00000000591b0000)]
  0x0000000057557800 JavaThread "Attach Listener" daemon [_thread_blocked, id=3952, stack(0x0000000058ea0000,0x0000000058fa0000)]
  0x0000000057555000 JavaThread "Signal Dispatcher" daemon [_thread_blocked, id=5360, stack(0x0000000058720000,0x0000000058820000)]
  0x00000000574f7000 JavaThread "Finalizer" daemon [_thread_blocked, id=3204, stack(0x0000000058960000,0x0000000058a60000)]
  0x00000000574f0000 JavaThread "Reference Handler" daemon [_thread_blocked, id=6696, stack(0x0000000058820000,0x0000000058920000)]
=>0x000000000037e000 JavaThread "main" [_thread_in_native, id=8124, stack(0x0000000002410000,0x0000000002510000)]

Other Threads:
  0x00000000574ea800 VMThread [stack: 0x00000000585b0000,0x00000000586b0000] [id=7332]
  0x0000000058b24800 WatcherThread [stack: 0x00000000596e0000,0x00000000597e0000] [id=5380]

VM state:not at safepoint (normal execution)

VM Mutex/Monitor currently owned by a thread: None

Heap:
 PSYoungGen      total 38400K, used 18866K [0x00000000d5d00000, 0x00000000d8780000, 0x0000000100000000)
  eden space 33280K, 41% used [0x00000000d5d00000,0x00000000d6a741e8,0x00000000d7d80000)
  from space 5120K, 99% used [0x00000000d7d80000,0x00000000d8278740,0x00000000d8280000)
  to   space 5120K, 0% used [0x00000000d8280000,0x00000000d8280000,0x00000000d8780000)
 ParOldGen       total 87552K, used 28698K [0x0000000081600000, 0x0000000086b80000, 0x00000000d5d00000)
  object space 87552K, 32% used [0x0000000081600000,0x0000000083206a00,0x0000000086b80000)
 Metaspace       used 13673K, capacity 13857K, committed 14208K, reserved 1062912K
  class space    used 1555K, capacity 1643K, committed 1664K, reserved 1048576K

Card table byte_map: [0x0000000011ba0000,0x0000000011fa0000] byte_map_base: 0x0000000011795000

Marking Bits: (ParMarkBitMap*) 0x0000000068e9a5b0
 Begin Bits: [0x0000000012810000, 0x00000000147b8000)
 End Bits:   [0x00000000147b8000, 0x0000000016760000)

Polling page: 0x0000000000320000

CodeCache: size=245760Kb used=3854Kb max_used=3854Kb free=241905Kb
 bounds [0x00000000027e0000, 0x0000000002bb0000, 0x00000000117e0000]
 total_blobs=1805 nmethods=1178 adapters=540
 compilation: enabled

Compilation events (10 events):
Event: 3.749 Thread 0x0000000058a79000 1167       1       entities.Camera::getPosition (5 bytes)
Event: 3.749 Thread 0x0000000058a79000 nmethod 1167 0x0000000002b975d0 code [0x0000000002b97720, 0x0000000002b97830]
Event: 3.749 Thread 0x0000000058a79000 1175       3       toolbox.MousePicker::getPointOnRay (65 bytes)
Event: 3.749 Thread 0x0000000058a79000 nmethod 1175 0x0000000002ba2190 code [0x0000000002ba2340, 0x0000000002ba2908]
Event: 3.749 Thread 0x0000000058a79000 1177       3       toolbox.MousePicker::getTerrain (5 bytes)
Event: 3.749 Thread 0x0000000058a79000 nmethod 1177 0x0000000002b96f10 code [0x0000000002b97060, 0x0000000002b971b0]
Event: 3.749 Thread 0x0000000058a79000 1176       3       toolbox.MousePicker::isUnderGround (45 bytes)
Event: 3.752 Thread 0x0000000058a79000 nmethod 1176 0x0000000002ba2d10 code [0x0000000002ba2ea0, 0x0000000002ba3408]
Event: 3.752 Thread 0x0000000058a79000 1178       3       terrains.Terrain::getHeightOfTerrain (280 bytes)
Event: 3.754 Thread 0x0000000058a79000 nmethod 1178 0x0000000002ba3610 code [0x0000000002ba39a0, 0x0000000002ba5058]

GC Heap History (2 events):
Event: 3.398 GC heap before
{Heap before GC invocations=1 (full 0):
 PSYoungGen      total 38400K, used 32363K [0x00000000d5d00000, 0x00000000d8780000, 0x0000000100000000)
  eden space 33280K, 97% used [0x00000000d5d00000,0x00000000d7c9ae00,0x00000000d7d80000)
  from space 5120K, 0% used [0x00000000d8280000,0x00000000d8280000,0x00000000d8780000)
  to   space 5120K, 0% used [0x00000000d7d80000,0x00000000d7d80000,0x00000000d8280000)
 ParOldGen       total 87552K, used 26262K [0x0000000081600000, 0x0000000086b80000, 0x00000000d5d00000)
  object space 87552K, 29% used [0x0000000081600000,0x0000000082fa5ae0,0x0000000086b80000)
 Metaspace       used 13085K, capacity 13313K, committed 13696K, reserved 1060864K
  class space    used 1493K, capacity 1547K, committed 1664K, reserved 1048576K
Event: 3.404 GC heap after
Heap after GC invocations=1 (full 0):
 PSYoungGen      total 38400K, used 5089K [0x00000000d5d00000, 0x00000000d8780000, 0x0000000100000000)
  eden space 33280K, 0% used [0x00000000d5d00000,0x00000000d5d00000,0x00000000d7d80000)
  from space 5120K, 99% used [0x00000000d7d80000,0x00000000d8278740,0x00000000d8280000)
  to   space 5120K, 0% used [0x00000000d8280000,0x00000000d8280000,0x00000000d8780000)
 ParOldGen       total 87552K, used 28698K [0x0000000081600000, 0x0000000086b80000, 0x00000000d5d00000)
  object space 87552K, 32% used [0x0000000081600000,0x0000000083206a00,0x0000000086b80000)
 Metaspace       used 13085K, capacity 13313K, committed 13696K, reserved 1060864K
  class space    used 1493K, capacity 1547K, committed 1664K, reserved 1048576K
}

Deoptimization events (10 events):
Event: 1.975 Thread 0x000000000037e000 Uncommon trap: reason=bimorphic action=maybe_recompile pc=0x0000000002a6ce28 method=java.util.HashMap.getNode(ILjava/lang/Object;)Ljava/util/HashMap$Node; @ 126
Event: 1.976 Thread 0x000000000037e000 Uncommon trap: reason=bimorphic action=maybe_recompile pc=0x0000000002a6ce28 method=java.util.HashMap.getNode(ILjava/lang/Object;)Ljava/util/HashMap$Node; @ 126
Event: 1.976 Thread 0x000000000037e000 Uncommon trap: reason=bimorphic action=maybe_recompile pc=0x0000000002a6ce28 method=java.util.HashMap.getNode(ILjava/lang/Object;)Ljava/util/HashMap$Node; @ 126
Event: 3.306 Thread 0x000000000037e000 Uncommon trap: reason=predicate action=maybe_recompile pc=0x0000000002b40068 method=java.util.AbstractCollection.toArray([Ljava/lang/Object;)[Ljava/lang/Object; @ 49
Event: 3.354 Thread 0x000000000037e000 Uncommon trap: reason=array_check action=maybe_recompile pc=0x0000000002b499d8 method=java.util.AbstractCollection.toArray([Ljava/lang/Object;)[Ljava/lang/Object; @ 119
Event: 3.354 Thread 0x000000000037e000 Uncommon trap: reason=array_check action=maybe_recompile pc=0x0000000002b499d8 method=java.util.AbstractCollection.toArray([Ljava/lang/Object;)[Ljava/lang/Object; @ 119
Event: 3.354 Thread 0x000000000037e000 Uncommon trap: reason=array_check action=maybe_recompile pc=0x0000000002b499d8 method=java.util.AbstractCollection.toArray([Ljava/lang/Object;)[Ljava/lang/Object; @ 119
Event: 3.354 Thread 0x000000000037e000 Uncommon trap: reason=array_check action=maybe_recompile pc=0x0000000002b499d8 method=java.util.AbstractCollection.toArray([Ljava/lang/Object;)[Ljava/lang/Object; @ 119
Event: 3.673 Thread 0x000000000037e000 Uncommon trap: reason=unstable_if action=reinterpret pc=0x0000000002b8d568 method=terrains.Terrain.getHeight(IILjava/awt/image/BufferedImage;)F @ 21
Event: 3.747 Thread 0x000000000037e000 Uncommon trap: reason=unstable_if action=reinterpret pc=0x0000000002b50f3c method=org.lwjgl.util.vector.Vector3f.add(Lorg/lwjgl/util/vector/Vector3f;Lorg/lwjgl/util/vector/Vector3f;Lorg/lwjgl/util/vector/Vector3f;)Lorg/lwjgl/util/vector/Vector3f; @ 1

Internal exceptions (10 events):
Event: 0.039 Thread 0x000000000037e000 Exception <a 'java/lang/NoSuchMethodError': Method sun.misc.Unsafe.defineClass(Ljava/lang/String;[BII)Ljava/lang/Class; name or signature does not match> (0x00000000d5d0d1a0) thrown at [C:\re\workspace\8-2-build-windows-amd64-cygwin\jdk8u66\5298\hotspot\sr5xŒèŸ£?
Event: 0.039 Thread 0x000000000037e000 Exception <a 'java/lang/NoSuchMethodError': Method sun.misc.Unsafe.prefetchRead(Ljava/lang/Object;J)V name or signature does not match> (0x00000000d5d0d488) thrown at [C:\re\workspace\8-2-build-windows-amd64-cygwin\jdk8u66\5298\hotspot\src\share\vm\prims\j«‘‰Vj"º?
Event: 0.110 Thread 0x000000000037e000 Exception <a 'java/security/PrivilegedActionException'> (0x00000000d5d9cfd8) thrown at [C:\re\workspace\8-2-build-windows-amd64-cygwin\jdk8u66\5298\hotspot\src\share\vm\prims\jvm.cpp, line 1386]
Event: 0.110 Thread 0x000000000037e000 Exception <a 'java/security/PrivilegedActionException'> (0x00000000d5d9d1e8) thrown at [C:\re\workspace\8-2-build-windows-amd64-cygwin\jdk8u66\5298\hotspot\src\share\vm\prims\jvm.cpp, line 1386]
Event: 0.110 Thread 0x000000000037e000 Exception <a 'java/security/PrivilegedActionException'> (0x00000000d5da1030) thrown at [C:\re\workspace\8-2-build-windows-amd64-cygwin\jdk8u66\5298\hotspot\src\share\vm\prims\jvm.cpp, line 1386]
Event: 0.110 Thread 0x000000000037e000 Exception <a 'java/security/PrivilegedActionException'> (0x00000000d5da1240) thrown at [C:\re\workspace\8-2-build-windows-amd64-cygwin\jdk8u66\5298\hotspot\src\share\vm\prims\jvm.cpp, line 1386]
Event: 0.113 Thread 0x000000000037e000 Exception <a 'java/io/FileNotFoundException'> (0x00000000d5da36a8) thrown at [C:\re\workspace\8-2-build-windows-amd64-cygwin\jdk8u66\5298\hotspot\src\share\vm\prims\jni.cpp, line 709]
Event: 0.140 Thread 0x000000000037e000 Exception <a 'java/lang/NoSuchFieldError': method resolution failed> (0x00000000d5fbf9b8) thrown at [C:\re\workspace\8-2-build-windows-amd64-cygwin\jdk8u66\5298\hotspot\src\share\vm\prims\methodHandles.cpp, line 1146]
Event: 0.141 Thread 0x000000000037e000 Exception <a 'java/lang/NoSuchFieldError': method resolution failed> (0x00000000d5fccd88) thrown at [C:\re\workspace\8-2-build-windows-amd64-cygwin\jdk8u66\5298\hotspot\src\share\vm\prims\methodHandles.cpp, line 1146]
Event: 0.168 Thread 0x000000000037e000 Exception <a 'java/io/FileNotFoundException'> (0x00000000d6061260) thrown at [C:\re\workspace\8-2-build-windows-amd64-cygwin\jdk8u66\5298\hotspot\src\share\vm\prims\jni.cpp, line 709]

Events (10 events):
Event: 3.746 loading class org/lwjgl/util/vector/Vector4f done
Event: 3.747 loading class org/lwjgl/util/vector/ReadableVector4f
Event: 3.747 loading class org/lwjgl/util/vector/ReadableVector4f done
Event: 3.747 loading class org/lwjgl/util/vector/WritableVector4f
Event: 3.747 loading class org/lwjgl/util/vector/WritableVector4f done
Event: 3.747 Thread 0x000000000037e000 Uncommon trap: trap_request=0xffffff65 fr.pc=0x0000000002b50f3c
Event: 3.747 Thread 0x000000000037e000 DEOPT PACKING pc=0x0000000002b50f3c sp=0x000000000250f0e0
Event: 3.747 Thread 0x000000000037e000 DEOPT UNPACKING pc=0x000000000282582a sp=0x000000000250f098 mode 2
Event: 3.747 loading class java/lang/StrictMath
Event: 3.747 loading class java/lang/StrictMath done


Dynamic libraries:
0x000000013f700000 - 0x000000013f737000 	C:\Program Files\Java\jdk1.8.0_66\bin\javaw.exe
0x0000000077300000 - 0x00000000774aa000 	C:\Windows\SYSTEM32\ntdll.dll
0x00000000771e0000 - 0x00000000772ff000 	C:\Windows\system32\kernel32.dll
0x000007fefd110000 - 0x000007fefd17b000 	C:\Windows\system32\KERNELBASE.dll
0x000007fefd4b0000 - 0x000007fefd58b000 	C:\Windows\system32\ADVAPI32.dll
0x000007fefd8e0000 - 0x000007fefd97f000 	C:\Windows\system32\msvcrt.dll
0x000007feff190000 - 0x000007feff1af000 	C:\Windows\SYSTEM32\sechost.dll
0x000007fefdb60000 - 0x000007fefdc8d000 	C:\Windows\system32\RPCRT4.dll
0x00000000770e0000 - 0x00000000771da000 	C:\Windows\system32\USER32.dll
0x000007fefef40000 - 0x000007fefefa7000 	C:\Windows\system32\GDI32.dll
0x000007fefd4a0000 - 0x000007fefd4ae000 	C:\Windows\system32\LPK.dll
0x000007feff090000 - 0x000007feff15a000 	C:\Windows\system32\USP10.dll
0x000007fefb480000 - 0x000007fefb674000 	C:\Windows\WinSxS\amd64_microsoft.windows.common-controls_6595b64144ccf1df_6.0.7601.18837_none_fa3b1e3d17594757\COMCTL32.dll
0x000007fefd720000 - 0x000007fefd791000 	C:\Windows\system32\SHLWAPI.dll
0x000007feff160000 - 0x000007feff18e000 	C:\Windows\system32\IMM32.DLL
0x000007fefd590000 - 0x000007fefd699000 	C:\Windows\system32\MSCTF.dll
0x0000000069a50000 - 0x0000000069b22000 	C:\Program Files\Java\jdk1.8.0_66\jre\bin\msvcr100.dll
0x0000000068690000 - 0x0000000068f19000 	C:\Program Files\Java\jdk1.8.0_66\jre\bin\server\jvm.dll
0x000007fef5aa0000 - 0x000007fef5aa9000 	C:\Windows\system32\WSOCK32.dll
0x000007fefd450000 - 0x000007fefd49d000 	C:\Windows\system32\WS2_32.dll
0x000007fefd440000 - 0x000007fefd448000 	C:\Windows\system32\NSI.dll
0x000007fefaf90000 - 0x000007fefafcb000 	C:\Windows\system32\WINMM.dll
0x000007fefc160000 - 0x000007fefc16c000 	C:\Windows\system32\VERSION.dll
0x00000000774c0000 - 0x00000000774c7000 	C:\Windows\system32\PSAPI.DLL
0x0000000071ce0000 - 0x0000000071cef000 	C:\Program Files\Java\jdk1.8.0_66\jre\bin\verify.dll
0x00000000718d0000 - 0x00000000718f9000 	C:\Program Files\Java\jdk1.8.0_66\jre\bin\java.dll
0x0000000071b30000 - 0x0000000071b46000 	C:\Program Files\Java\jdk1.8.0_66\jre\bin\zip.dll
0x000007fefe190000 - 0x000007fefef1a000 	C:\Windows\system32\SHELL32.dll
0x000007fefdc90000 - 0x000007fefde93000 	C:\Windows\system32\ole32.dll
0x000007fefd080000 - 0x000007fefd08f000 	C:\Windows\system32\profapi.dll
0x0000000069bb0000 - 0x0000000069d48000 	C:\Program Files\Java\jdk1.8.0_66\jre\bin\awt.dll
0x000007fefefb0000 - 0x000007feff088000 	C:\Windows\system32\OLEAUT32.dll
0x000007fefad90000 - 0x000007fefada8000 	C:\Windows\system32\DWMAPI.DLL
0x000007fefb3b0000 - 0x000007fefb406000 	C:\Windows\system32\uxtheme.dll
0x000007fefcee0000 - 0x000007fefceef000 	C:\Windows\system32\CRYPTBASE.dll
0x00000000726f0000 - 0x0000000072737000 	C:\Program Files\Java\jdk1.8.0_66\jre\bin\fontmanager.dll
0x0000000071b10000 - 0x0000000071b2a000 	C:\Program Files\Java\jdk1.8.0_66\jre\bin\net.dll
0x000007fefc810000 - 0x000007fefc865000 	C:\Windows\system32\mswsock.dll
0x000007fefcb00000 - 0x000007fefcb07000 	C:\Windows\System32\wship6.dll
0x00000000718b0000 - 0x00000000718c1000 	C:\Program Files\Java\jdk1.8.0_66\jre\bin\nio.dll
0x0000000074ca0000 - 0x0000000074ce2000 	C:\Program Files\Java\jdk1.8.0_66\jre\bin\t2k.dll
0x0000000074c90000 - 0x0000000074c9c000 	C:\Program Files\Java\jdk1.8.0_66\jre\bin\jsound.dll
0x0000000074e00000 - 0x0000000074e0b000 	C:\Program Files\Java\jdk1.8.0_66\jre\bin\jsoundds.dll
0x000007fef50b0000 - 0x000007fef5138000 	C:\Windows\system32\DSOUND.dll
0x000007fefbcd0000 - 0x000007fefbcfc000 	C:\Windows\system32\POWRPROF.dll
0x000007fefd980000 - 0x000007fefdb57000 	C:\Windows\system32\SETUPAPI.dll
0x000007fefd260000 - 0x000007fefd296000 	C:\Windows\system32\CFGMGR32.dll
0x000007fefd220000 - 0x000007fefd23a000 	C:\Windows\system32\DEVOBJ.dll
0x000007fefbb30000 - 0x000007fefbb7b000 	C:\Windows\system32\MMDevAPI.DLL
0x000007fefb8e0000 - 0x000007fefba0c000 	C:\Windows\system32\PROPSYS.dll
0x000007fef7670000 - 0x000007fef76ab000 	C:\Windows\system32\wdmaud.drv
0x00000000729e0000 - 0x00000000729e6000 	C:\Windows\system32\ksuser.dll
0x000007fefbb20000 - 0x000007fefbb29000 	C:\Windows\system32\AVRT.dll
0x000007fefa740000 - 0x000007fefa78f000 	C:\Windows\system32\AUDIOSES.DLL
0x000007fefaf20000 - 0x000007fefaf2a000 	C:\Windows\system32\msacm32.drv
0x000007fefaeb0000 - 0x000007fefaec8000 	C:\Windows\system32\MSACM32.dll
0x000007fefb180000 - 0x000007fefb189000 	C:\Windows\system32\midimap.dll
0x000007fefd7a0000 - 0x000007fefd839000 	C:\Windows\system32\CLBCatQ.DLL
0x0000000180000000 - 0x0000000180051000 	Z:\git\Diminished-World4\DiminishedWorld\lib\natives-win\lwjgl64.dll
0x000007feef9d0000 - 0x000007feefaed000 	C:\Windows\system32\OPENGL32.dll
0x000007fefa380000 - 0x000007fefa3ad000 	C:\Windows\system32\GLU32.dll
0x000007fef1320000 - 0x000007fef1411000 	C:\Windows\system32\DDRAW.dll
0x000007fefa700000 - 0x000007fefa708000 	C:\Windows\system32\DCIMAN32.dll
0x000000005daa0000 - 0x000000005e247000 	C:\Windows\system32\ig75icd64.dll
0x000007fef3880000 - 0x000007fef3ccb000 	C:\Windows\system32\igdusc64.dll
0x000007fef1280000 - 0x000007fef131c000 	C:\Windows\system32\mscms.dll
0x000007fefd240000 - 0x000007fefd25e000 	C:\Windows\system32\USERENV.dll
0x000007fef51b0000 - 0x000007fef51f2000 	C:\Windows\system32\icm32.dll
0x000007fef5220000 - 0x000007fef5345000 	C:\Windows\system32\dbghelp.dll

VM Arguments:
jvm_args: -Djava.library.path=Z:\git\Diminished-World4\DiminishedWorld\lib\natives-win -Dfile.encoding=Cp1252 
java_command: engineTester.MainGameLoop
java_class_path (initial): Z:\git\Diminished-World4\DiminishedWorld\lib\jars\lwjgl_util.jar;Z:\git\Diminished-World4\DiminishedWorld\lib\jars\lwjgl.jar;Z:\git\Diminished-World4\DiminishedWorld\lib\jars\PNGDecoder.jar;Z:\git\Diminished-World4\DiminishedWorld\lib\jars\slick-util.jar;Z:\git\Diminished-World4\DiminishedWorld\lib\jars\slick.jar;Z:\git\Diminished-World4\DiminishedWorld\bin
Launcher Type: SUN_STANDARD

Environment Variables:
PATH=C:\ProgramData\Oracle\Java\javapath;C:\Windows\system32;C:\Windows;C:\Windows\System32\Wbem;C:\Windows\System32\WindowsPowerShell\v1.0\;C:\Program Files (x86)\QuickTime\QTSystem\C:\Program Files (x86)\JMF2.1.1e\lib;C:\ProgramData\Oracle\Java\javapath;C:\Windows\system32;C:\Windows;C:\Windows\System32\Wbem;C:\Windows\System32\WindowsPowerShell\v1.0\;C:\Program Files (x86)\QuickTime\QTSystem\C:\Program Files (x86)\JMF2.1.1e\lib;C:\ProgramData\Oracle\Java\javapath;C:\Windows\system32;C:\Windows;C:\Windows\System32\Wbem;C:\Windows\System32\WindowsPowerShell\v1.0\;C:\Program Files (x86)\QuickTime\QTSystem\C:\Program Files (x86)\JMF2.1.1e\lib;C:\Windows\System32;C:\Program Files (x86)\Google\Chrome\Application;C:\ProgramData\Oracle\Java\javapath;C:\Windows\system32;C:\Windows;C:\Windows\System32\Wbem;C:\Windows\System32\WindowsPowerShell\v1.0\;C:\Program Files (x86)\QuickTime\QTSystem\C:\Program Files (x86)\JMF2.1.1e\lib;C:\ProgramData\Oracle\Java\javapath;C:\Windows\system32;C:\Windows;C:\Windows\System32\Wbem;C:\Windows\System32\WindowsPowerShell\v1.0\;C:\Program Files (x86)\QuickTime\QTSystem\C:\Program Files (x86)\JMF2.1.1e\lib;C:\ProgramData\Oracle\Java\javapath;C:\Windows\system32;C:\Windows;C:\Windows\System32\Wbem;C:\Windows\System32\WindowsPowerShell\v1.0\;C:\Program Files (x86)\QuickTime\QTSystem\C:\Program Files (x86)\JMF2.1.1e\lib;C:\Windows\System32
USERNAME=traperos
OS=Windows_NT
PROCESSOR_IDENTIFIER=Intel64 Family 6 Model 60 Stepping 3, GenuineIntel



---------------  S Y S T E M  ---------------

OS: Windows 7 , 64 bit Build 7601 (6.1.7601.19160)

CPU:total 4 (4 cores per cpu, 1 threads per core) family 6 model 60 stepping 3, cmov, cx8, fxsr, mmx, sse, sse2, sse3, ssse3, sse4.1, sse4.2, popcnt, avx, avx2, aes, clmul, erms, lzcnt, tsc, tscinvbit, bmi1, bmi2

Memory: 4k page, physical 8294560k(1890848k free), swap 16587284k(5104416k free)

vm_info: Java HotSpot(TM) 64-Bit Server VM (25.66-b18) for windows-amd64 JRE (1.8.0_66-b18), built on Nov  9 2015 10:51:13 by "java_re" with MS VC++ 10.0 (VS2010)

time: Tue Apr 05 08:21:09 2016
elapsed time: 3 seconds (0d 0h 0m 3s)

